[2020-08-03 06:44:09] local.ERROR: Class App\Role contains 2 abstract methods and must therefore be declared abstract or implement the remaining methods (LaravelDoctrine\ACL\Contracts\HasPermissions::hasPermissionTo, LaravelDoctrine\ACL\Contracts\HasPermissions::getPermissions) {"exception":"[object] (Symfony\\Component\\ErrorHandler\\Error\\FatalError(code: 0): Class App\\Role contains 2 abstract methods and must therefore be declared abstract or implement the remaining methods (LaravelDoctrine\\ACL\\Contracts\\HasPermissions::hasPermissionTo, LaravelDoctrine\\ACL\\Contracts\\HasPermissions::getPermissions) at D:\\xampp\\htdocs\\painel\\backend\\app\\Domain\\Entities\\Role.php:11)
[stacktrace]
#0 {main}
"} 
[2020-08-03 06:44:16] local.ERROR: Class App\Role contains 2 abstract methods and must therefore be declared abstract or implement the remaining methods (LaravelDoctrine\ACL\Contracts\HasPermissions::hasPermissionTo, LaravelDoctrine\ACL\Contracts\HasPermissions::getPermissions) {"exception":"[object] (Symfony\\Component\\ErrorHandler\\Error\\FatalError(code: 0): Class App\\Role contains 2 abstract methods and must therefore be declared abstract or implement the remaining methods (LaravelDoctrine\\ACL\\Contracts\\HasPermissions::hasPermissionTo, LaravelDoctrine\\ACL\\Contracts\\HasPermissions::getPermissions) at D:\\xampp\\htdocs\\painel\\backend\\app\\Domain\\Entities\\Role.php:11)
[stacktrace]
#0 {main}
"} 
[2020-08-03 08:30:56] local.ERROR: Trait 'Doctrine\ORM\Mapping' not found {"exception":"[object] (Symfony\\Component\\ErrorHandler\\Error\\FatalError(code: 0): Trait 'Doctrine\\ORM\\Mapping' not found at D:\\xampp\\htdocs\\painel\\backend\\app\\Domain\\Entities\\Article.php:11)
[stacktrace]
#0 {main}
"} 
[2020-08-03 08:31:52] local.ERROR: [Semantical Error] The annotation "@Entity" in class App\Domain\Entities\Article was never imported. Did you maybe forget to add a "use" statement for this annotation? {"exception":"[object] (Doctrine\\Common\\Annotations\\AnnotationException(code: 0): [Semantical Error] The annotation \"@Entity\" in class App\\Domain\\Entities\\Article was never imported. Did you maybe forget to add a \"use\" statement for this annotation? at D:\\xampp\\htdocs\\painel\\backend\\vendor\\doctrine\\annotations\\lib\\Doctrine\\Common\\Annotations\\AnnotationException.php:54)
[stacktrace]
#0 D:\\xampp\\htdocs\\painel\\backend\\vendor\\doctrine\\annotations\\lib\\Doctrine\\Common\\Annotations\\DocParser.php(734): Doctrine\\Common\\Annotations\\AnnotationException::semanticalError()
#1 D:\\xampp\\htdocs\\painel\\backend\\vendor\\doctrine\\annotations\\lib\\Doctrine\\Common\\Annotations\\DocParser.php(662): Doctrine\\Common\\Annotations\\DocParser->Annotation()
#2 D:\\xampp\\htdocs\\painel\\backend\\vendor\\doctrine\\annotations\\lib\\Doctrine\\Common\\Annotations\\DocParser.php(354): Doctrine\\Common\\Annotations\\DocParser->Annotations()
#3 D:\\xampp\\htdocs\\painel\\backend\\vendor\\doctrine\\annotations\\lib\\Doctrine\\Common\\Annotations\\AnnotationReader.php(221): Doctrine\\Common\\Annotations\\DocParser->parse()
#4 D:\\xampp\\htdocs\\painel\\backend\\vendor\\doctrine\\annotations\\lib\\Doctrine\\Common\\Annotations\\CachedReader.php(80): Doctrine\\Common\\Annotations\\AnnotationReader->getClassAnnotations()
#5 D:\\xampp\\htdocs\\painel\\backend\\vendor\\doctrine\\persistence\\lib\\Doctrine\\Persistence\\Mapping\\Driver\\AnnotationDriver.php(177): Doctrine\\Common\\Annotations\\CachedReader->getClassAnnotations()
#6 D:\\xampp\\htdocs\\painel\\backend\\vendor\\doctrine\\persistence\\lib\\Doctrine\\Persistence\\Mapping\\Driver\\AnnotationDriver.php(245): Doctrine\\Persistence\\Mapping\\Driver\\AnnotationDriver->isTransient()
#7 D:\\xampp\\htdocs\\painel\\backend\\vendor\\doctrine\\persistence\\lib\\Doctrine\\Persistence\\Mapping\\Driver\\MappingDriverChain.php(107): Doctrine\\Persistence\\Mapping\\Driver\\AnnotationDriver->getAllClassNames()
#8 D:\\xampp\\htdocs\\painel\\backend\\vendor\\doctrine\\persistence\\lib\\Doctrine\\Persistence\\Mapping\\AbstractClassMetadataFactory.php(90): Doctrine\\Persistence\\Mapping\\Driver\\MappingDriverChain->getAllClassNames()
#9 D:\\xampp\\htdocs\\painel\\backend\\vendor\\laravel-doctrine\\orm\\src\\Console\\SchemaUpdateCommand.php(51): Doctrine\\Persistence\\Mapping\\AbstractClassMetadataFactory->getAllMetadata()
#10 [internal function]: LaravelDoctrine\\ORM\\Console\\SchemaUpdateCommand->handle()
#11 D:\\xampp\\htdocs\\painel\\backend\\vendor\\laravel\\framework\\src\\Illuminate\\Container\\BoundMethod.php(37): call_user_func_array()
#12 D:\\xampp\\htdocs\\painel\\backend\\vendor\\laravel\\framework\\src\\Illuminate\\Container\\Util.php(37): Illuminate\\Container\\BoundMethod::Illuminate\\Container\\{closure}()
#13 D:\\xampp\\htdocs\\painel\\backend\\vendor\\laravel\\framework\\src\\Illuminate\\Container\\BoundMethod.php(95): Illuminate\\Container\\Util::unwrapIfClosure()
#14 D:\\xampp\\htdocs\\painel\\backend\\vendor\\laravel\\framework\\src\\Illuminate\\Container\\BoundMethod.php(39): Illuminate\\Container\\BoundMethod::callBoundMethod()
#15 D:\\xampp\\htdocs\\painel\\backend\\vendor\\laravel\\framework\\src\\Illuminate\\Container\\Container.php(596): Illuminate\\Container\\BoundMethod::call()
#16 D:\\xampp\\htdocs\\painel\\backend\\vendor\\laravel\\framework\\src\\Illuminate\\Console\\Command.php(134): Illuminate\\Container\\Container->call()
#17 D:\\xampp\\htdocs\\painel\\backend\\vendor\\symfony\\console\\Command\\Command.php(258): Illuminate\\Console\\Command->execute()
#18 D:\\xampp\\htdocs\\painel\\backend\\vendor\\laravel\\framework\\src\\Illuminate\\Console\\Command.php(121): Symfony\\Component\\Console\\Command\\Command->run()
#19 D:\\xampp\\htdocs\\painel\\backend\\vendor\\symfony\\console\\Application.php(911): Illuminate\\Console\\Command->run()
#20 D:\\xampp\\htdocs\\painel\\backend\\vendor\\symfony\\console\\Application.php(264): Symfony\\Component\\Console\\Application->doRunCommand()
#21 D:\\xampp\\htdocs\\painel\\backend\\vendor\\symfony\\console\\Application.php(140): Symfony\\Component\\Console\\Application->doRun()
#22 D:\\xampp\\htdocs\\painel\\backend\\vendor\\laravel\\framework\\src\\Illuminate\\Console\\Application.php(93): Symfony\\Component\\Console\\Application->run()
#23 D:\\xampp\\htdocs\\painel\\backend\\vendor\\laravel\\framework\\src\\Illuminate\\Foundation\\Console\\Kernel.php(129): Illuminate\\Console\\Application->run()
#24 D:\\xampp\\htdocs\\painel\\backend\\artisan(37): Illuminate\\Foundation\\Console\\Kernel->handle()
#25 {main}
"} 
[2020-08-03 08:33:06] local.ERROR: [Semantical Error] The annotation "@Column" in property App\Domain\Entities\Article::$id was never imported. Did you maybe forget to add a "use" statement for this annotation? {"exception":"[object] (Doctrine\\Common\\Annotations\\AnnotationException(code: 0): [Semantical Error] The annotation \"@Column\" in property App\\Domain\\Entities\\Article::$id was never imported. Did you maybe forget to add a \"use\" statement for this annotation? at D:\\xampp\\htdocs\\painel\\backend\\vendor\\doctrine\\annotations\\lib\\Doctrine\\Common\\Annotations\\AnnotationException.php:54)
[stacktrace]
#0 D:\\xampp\\htdocs\\painel\\backend\\vendor\\doctrine\\annotations\\lib\\Doctrine\\Common\\Annotations\\DocParser.php(734): Doctrine\\Common\\Annotations\\AnnotationException::semanticalError()
#1 D:\\xampp\\htdocs\\painel\\backend\\vendor\\doctrine\\annotations\\lib\\Doctrine\\Common\\Annotations\\DocParser.php(662): Doctrine\\Common\\Annotations\\DocParser->Annotation()
#2 D:\\xampp\\htdocs\\painel\\backend\\vendor\\doctrine\\annotations\\lib\\Doctrine\\Common\\Annotations\\DocParser.php(354): Doctrine\\Common\\Annotations\\DocParser->Annotations()
#3 D:\\xampp\\htdocs\\painel\\backend\\vendor\\doctrine\\annotations\\lib\\Doctrine\\Common\\Annotations\\AnnotationReader.php(253): Doctrine\\Common\\Annotations\\DocParser->parse()
#4 D:\\xampp\\htdocs\\painel\\backend\\vendor\\doctrine\\annotations\\lib\\Doctrine\\Common\\Annotations\\CachedReader.php(114): Doctrine\\Common\\Annotations\\AnnotationReader->getPropertyAnnotations()
#5 D:\\xampp\\htdocs\\painel\\backend\\vendor\\doctrine\\annotations\\lib\\Doctrine\\Common\\Annotations\\CachedReader.php(126): Doctrine\\Common\\Annotations\\CachedReader->getPropertyAnnotations()
#6 D:\\xampp\\htdocs\\painel\\backend\\vendor\\doctrine\\orm\\lib\\Doctrine\\ORM\\Mapping\\Driver\\AnnotationDriver.php(293): Doctrine\\Common\\Annotations\\CachedReader->getPropertyAnnotation()
#7 D:\\xampp\\htdocs\\painel\\backend\\vendor\\doctrine\\persistence\\lib\\Doctrine\\Persistence\\Mapping\\Driver\\MappingDriverChain.php(79): Doctrine\\ORM\\Mapping\\Driver\\AnnotationDriver->loadMetadataForClass()
#8 D:\\xampp\\htdocs\\painel\\backend\\vendor\\doctrine\\orm\\lib\\Doctrine\\ORM\\Mapping\\ClassMetadataFactory.php(154): Doctrine\\Persistence\\Mapping\\Driver\\MappingDriverChain->loadMetadataForClass()
#9 D:\\xampp\\htdocs\\painel\\backend\\vendor\\doctrine\\persistence\\lib\\Doctrine\\Persistence\\Mapping\\AbstractClassMetadataFactory.php(306): Doctrine\\ORM\\Mapping\\ClassMetadataFactory->doLoadMetadata()
#10 D:\\xampp\\htdocs\\painel\\backend\\vendor\\doctrine\\orm\\lib\\Doctrine\\ORM\\Mapping\\ClassMetadataFactory.php(81): Doctrine\\Persistence\\Mapping\\AbstractClassMetadataFactory->loadMetadata()
#11 D:\\xampp\\htdocs\\painel\\backend\\vendor\\doctrine\\persistence\\lib\\Doctrine\\Persistence\\Mapping\\AbstractClassMetadataFactory.php(185): Doctrine\\ORM\\Mapping\\ClassMetadataFactory->loadMetadata()
#12 D:\\xampp\\htdocs\\painel\\backend\\vendor\\doctrine\\persistence\\lib\\Doctrine\\Persistence\\Mapping\\AbstractClassMetadataFactory.php(91): Doctrine\\Persistence\\Mapping\\AbstractClassMetadataFactory->getMetadataFor()
#13 D:\\xampp\\htdocs\\painel\\backend\\vendor\\laravel-doctrine\\orm\\src\\Console\\SchemaUpdateCommand.php(51): Doctrine\\Persistence\\Mapping\\AbstractClassMetadataFactory->getAllMetadata()
#14 [internal function]: LaravelDoctrine\\ORM\\Console\\SchemaUpdateCommand->handle()
#15 D:\\xampp\\htdocs\\painel\\backend\\vendor\\laravel\\framework\\src\\Illuminate\\Container\\BoundMethod.php(37): call_user_func_array()
#16 D:\\xampp\\htdocs\\painel\\backend\\vendor\\laravel\\framework\\src\\Illuminate\\Container\\Util.php(37): Illuminate\\Container\\BoundMethod::Illuminate\\Container\\{closure}()
#17 D:\\xampp\\htdocs\\painel\\backend\\vendor\\laravel\\framework\\src\\Illuminate\\Container\\BoundMethod.php(95): Illuminate\\Container\\Util::unwrapIfClosure()
#18 D:\\xampp\\htdocs\\painel\\backend\\vendor\\laravel\\framework\\src\\Illuminate\\Container\\BoundMethod.php(39): Illuminate\\Container\\BoundMethod::callBoundMethod()
#19 D:\\xampp\\htdocs\\painel\\backend\\vendor\\laravel\\framework\\src\\Illuminate\\Container\\Container.php(596): Illuminate\\Container\\BoundMethod::call()
#20 D:\\xampp\\htdocs\\painel\\backend\\vendor\\laravel\\framework\\src\\Illuminate\\Console\\Command.php(134): Illuminate\\Container\\Container->call()
#21 D:\\xampp\\htdocs\\painel\\backend\\vendor\\symfony\\console\\Command\\Command.php(258): Illuminate\\Console\\Command->execute()
#22 D:\\xampp\\htdocs\\painel\\backend\\vendor\\laravel\\framework\\src\\Illuminate\\Console\\Command.php(121): Symfony\\Component\\Console\\Command\\Command->run()
#23 D:\\xampp\\htdocs\\painel\\backend\\vendor\\symfony\\console\\Application.php(911): Illuminate\\Console\\Command->run()
#24 D:\\xampp\\htdocs\\painel\\backend\\vendor\\symfony\\console\\Application.php(264): Symfony\\Component\\Console\\Application->doRunCommand()
#25 D:\\xampp\\htdocs\\painel\\backend\\vendor\\symfony\\console\\Application.php(140): Symfony\\Component\\Console\\Application->doRun()
#26 D:\\xampp\\htdocs\\painel\\backend\\vendor\\laravel\\framework\\src\\Illuminate\\Console\\Application.php(93): Symfony\\Component\\Console\\Application->run()
#27 D:\\xampp\\htdocs\\painel\\backend\\vendor\\laravel\\framework\\src\\Illuminate\\Foundation\\Console\\Kernel.php(129): Illuminate\\Console\\Application->run()
#28 D:\\xampp\\htdocs\\painel\\backend\\artisan(37): Illuminate\\Foundation\\Console\\Kernel->handle()
#29 {main}
"} 
[2020-08-03 08:33:51] local.ERROR: [Semantical Error] The annotation "@Column" in property App\Domain\Entities\Article::$id was never imported. Did you maybe forget to add a "use" statement for this annotation? {"exception":"[object] (Doctrine\\Common\\Annotations\\AnnotationException(code: 0): [Semantical Error] The annotation \"@Column\" in property App\\Domain\\Entities\\Article::$id was never imported. Did you maybe forget to add a \"use\" statement for this annotation? at D:\\xampp\\htdocs\\painel\\backend\\vendor\\doctrine\\annotations\\lib\\Doctrine\\Common\\Annotations\\AnnotationException.php:54)
[stacktrace]
#0 D:\\xampp\\htdocs\\painel\\backend\\vendor\\doctrine\\annotations\\lib\\Doctrine\\Common\\Annotations\\DocParser.php(734): Doctrine\\Common\\Annotations\\AnnotationException::semanticalError()
#1 D:\\xampp\\htdocs\\painel\\backend\\vendor\\doctrine\\annotations\\lib\\Doctrine\\Common\\Annotations\\DocParser.php(662): Doctrine\\Common\\Annotations\\DocParser->Annotation()
#2 D:\\xampp\\htdocs\\painel\\backend\\vendor\\doctrine\\annotations\\lib\\Doctrine\\Common\\Annotations\\DocParser.php(354): Doctrine\\Common\\Annotations\\DocParser->Annotations()
#3 D:\\xampp\\htdocs\\painel\\backend\\vendor\\doctrine\\annotations\\lib\\Doctrine\\Common\\Annotations\\AnnotationReader.php(253): Doctrine\\Common\\Annotations\\DocParser->parse()
#4 D:\\xampp\\htdocs\\painel\\backend\\vendor\\doctrine\\annotations\\lib\\Doctrine\\Common\\Annotations\\CachedReader.php(114): Doctrine\\Common\\Annotations\\AnnotationReader->getPropertyAnnotations()
#5 D:\\xampp\\htdocs\\painel\\backend\\vendor\\doctrine\\annotations\\lib\\Doctrine\\Common\\Annotations\\CachedReader.php(126): Doctrine\\Common\\Annotations\\CachedReader->getPropertyAnnotations()
#6 D:\\xampp\\htdocs\\painel\\backend\\vendor\\doctrine\\orm\\lib\\Doctrine\\ORM\\Mapping\\Driver\\AnnotationDriver.php(293): Doctrine\\Common\\Annotations\\CachedReader->getPropertyAnnotation()
#7 D:\\xampp\\htdocs\\painel\\backend\\vendor\\doctrine\\persistence\\lib\\Doctrine\\Persistence\\Mapping\\Driver\\MappingDriverChain.php(79): Doctrine\\ORM\\Mapping\\Driver\\AnnotationDriver->loadMetadataForClass()
#8 D:\\xampp\\htdocs\\painel\\backend\\vendor\\doctrine\\orm\\lib\\Doctrine\\ORM\\Mapping\\ClassMetadataFactory.php(154): Doctrine\\Persistence\\Mapping\\Driver\\MappingDriverChain->loadMetadataForClass()
#9 D:\\xampp\\htdocs\\painel\\backend\\vendor\\doctrine\\persistence\\lib\\Doctrine\\Persistence\\Mapping\\AbstractClassMetadataFactory.php(306): Doctrine\\ORM\\Mapping\\ClassMetadataFactory->doLoadMetadata()
#10 D:\\xampp\\htdocs\\painel\\backend\\vendor\\doctrine\\orm\\lib\\Doctrine\\ORM\\Mapping\\ClassMetadataFactory.php(81): Doctrine\\Persistence\\Mapping\\AbstractClassMetadataFactory->loadMetadata()
#11 D:\\xampp\\htdocs\\painel\\backend\\vendor\\doctrine\\persistence\\lib\\Doctrine\\Persistence\\Mapping\\AbstractClassMetadataFactory.php(185): Doctrine\\ORM\\Mapping\\ClassMetadataFactory->loadMetadata()
#12 D:\\xampp\\htdocs\\painel\\backend\\vendor\\doctrine\\persistence\\lib\\Doctrine\\Persistence\\Mapping\\AbstractClassMetadataFactory.php(91): Doctrine\\Persistence\\Mapping\\AbstractClassMetadataFactory->getMetadataFor()
#13 D:\\xampp\\htdocs\\painel\\backend\\vendor\\laravel-doctrine\\orm\\src\\Console\\SchemaUpdateCommand.php(51): Doctrine\\Persistence\\Mapping\\AbstractClassMetadataFactory->getAllMetadata()
#14 [internal function]: LaravelDoctrine\\ORM\\Console\\SchemaUpdateCommand->handle()
#15 D:\\xampp\\htdocs\\painel\\backend\\vendor\\laravel\\framework\\src\\Illuminate\\Container\\BoundMethod.php(37): call_user_func_array()
#16 D:\\xampp\\htdocs\\painel\\backend\\vendor\\laravel\\framework\\src\\Illuminate\\Container\\Util.php(37): Illuminate\\Container\\BoundMethod::Illuminate\\Container\\{closure}()
#17 D:\\xampp\\htdocs\\painel\\backend\\vendor\\laravel\\framework\\src\\Illuminate\\Container\\BoundMethod.php(95): Illuminate\\Container\\Util::unwrapIfClosure()
#18 D:\\xampp\\htdocs\\painel\\backend\\vendor\\laravel\\framework\\src\\Illuminate\\Container\\BoundMethod.php(39): Illuminate\\Container\\BoundMethod::callBoundMethod()
#19 D:\\xampp\\htdocs\\painel\\backend\\vendor\\laravel\\framework\\src\\Illuminate\\Container\\Container.php(596): Illuminate\\Container\\BoundMethod::call()
#20 D:\\xampp\\htdocs\\painel\\backend\\vendor\\laravel\\framework\\src\\Illuminate\\Console\\Command.php(134): Illuminate\\Container\\Container->call()
#21 D:\\xampp\\htdocs\\painel\\backend\\vendor\\symfony\\console\\Command\\Command.php(258): Illuminate\\Console\\Command->execute()
#22 D:\\xampp\\htdocs\\painel\\backend\\vendor\\laravel\\framework\\src\\Illuminate\\Console\\Command.php(121): Symfony\\Component\\Console\\Command\\Command->run()
#23 D:\\xampp\\htdocs\\painel\\backend\\vendor\\symfony\\console\\Application.php(911): Illuminate\\Console\\Command->run()
#24 D:\\xampp\\htdocs\\painel\\backend\\vendor\\symfony\\console\\Application.php(264): Symfony\\Component\\Console\\Application->doRunCommand()
#25 D:\\xampp\\htdocs\\painel\\backend\\vendor\\symfony\\console\\Application.php(140): Symfony\\Component\\Console\\Application->doRun()
#26 D:\\xampp\\htdocs\\painel\\backend\\vendor\\laravel\\framework\\src\\Illuminate\\Console\\Application.php(93): Symfony\\Component\\Console\\Application->run()
#27 D:\\xampp\\htdocs\\painel\\backend\\vendor\\laravel\\framework\\src\\Illuminate\\Foundation\\Console\\Kernel.php(129): Illuminate\\Console\\Application->run()
#28 D:\\xampp\\htdocs\\painel\\backend\\artisan(37): Illuminate\\Foundation\\Console\\Kernel->handle()
#29 {main}
"} 
[2020-08-03 08:34:30] local.ERROR: Unknown column type "timestamp" requested. Any Doctrine type that you use has to be registered with \Doctrine\DBAL\Types\Type::addType(). You can get a list of all the known types with \Doctrine\DBAL\Types\Type::getTypesMap(). If this error occurs during database introspection then you might have forgotten to register all database types for a Doctrine Type. Use AbstractPlatform#registerDoctrineTypeMapping() or have your custom types implement Type#getMappedDatabaseTypes(). If the type name is empty you might have a problem with the cache or forgot some mapping information. {"exception":"[object] (Doctrine\\DBAL\\DBALException(code: 0): Unknown column type \"timestamp\" requested. Any Doctrine type that you use has to be registered with \\Doctrine\\DBAL\\Types\\Type::addType(). You can get a list of all the known types with \\Doctrine\\DBAL\\Types\\Type::getTypesMap(). If this error occurs during database introspection then you might have forgotten to register all database types for a Doctrine Type. Use AbstractPlatform#registerDoctrineTypeMapping() or have your custom types implement Type#getMappedDatabaseTypes(). If the type name is empty you might have a problem with the cache or forgot some mapping information. at D:\\xampp\\htdocs\\painel\\backend\\vendor\\doctrine\\dbal\\lib\\Doctrine\\DBAL\\DBALException.php:267)
[stacktrace]
#0 D:\\xampp\\htdocs\\painel\\backend\\vendor\\doctrine\\dbal\\lib\\Doctrine\\DBAL\\Types\\TypeRegistry.php(30): Doctrine\\DBAL\\DBALException::unknownColumnType()
#1 D:\\xampp\\htdocs\\painel\\backend\\vendor\\doctrine\\dbal\\lib\\Doctrine\\DBAL\\Types\\Type.php(231): Doctrine\\DBAL\\Types\\TypeRegistry->get()
#2 D:\\xampp\\htdocs\\painel\\backend\\vendor\\doctrine\\dbal\\lib\\Doctrine\\DBAL\\Schema\\Table.php(288): Doctrine\\DBAL\\Types\\Type::getType()
#3 D:\\xampp\\htdocs\\painel\\backend\\vendor\\doctrine\\orm\\lib\\Doctrine\\ORM\\Tools\\SchemaTool.php(487): Doctrine\\DBAL\\Schema\\Table->addColumn()
#4 D:\\xampp\\htdocs\\painel\\backend\\vendor\\doctrine\\orm\\lib\\Doctrine\\ORM\\Tools\\SchemaTool.php(421): Doctrine\\ORM\\Tools\\SchemaTool->gatherColumn()
#5 D:\\xampp\\htdocs\\painel\\backend\\vendor\\doctrine\\orm\\lib\\Doctrine\\ORM\\Tools\\SchemaTool.php(270): Doctrine\\ORM\\Tools\\SchemaTool->gatherColumns()
#6 D:\\xampp\\htdocs\\painel\\backend\\vendor\\doctrine\\orm\\lib\\Doctrine\\ORM\\Tools\\SchemaTool.php(895): Doctrine\\ORM\\Tools\\SchemaTool->getSchemaFromMetadata()
#7 D:\\xampp\\htdocs\\painel\\backend\\vendor\\laravel-doctrine\\orm\\src\\Console\\SchemaUpdateCommand.php(52): Doctrine\\ORM\\Tools\\SchemaTool->getUpdateSchemaSql()
#8 [internal function]: LaravelDoctrine\\ORM\\Console\\SchemaUpdateCommand->handle()
#9 D:\\xampp\\htdocs\\painel\\backend\\vendor\\laravel\\framework\\src\\Illuminate\\Container\\BoundMethod.php(37): call_user_func_array()
#10 D:\\xampp\\htdocs\\painel\\backend\\vendor\\laravel\\framework\\src\\Illuminate\\Container\\Util.php(37): Illuminate\\Container\\BoundMethod::Illuminate\\Container\\{closure}()
#11 D:\\xampp\\htdocs\\painel\\backend\\vendor\\laravel\\framework\\src\\Illuminate\\Container\\BoundMethod.php(95): Illuminate\\Container\\Util::unwrapIfClosure()
#12 D:\\xampp\\htdocs\\painel\\backend\\vendor\\laravel\\framework\\src\\Illuminate\\Container\\BoundMethod.php(39): Illuminate\\Container\\BoundMethod::callBoundMethod()
#13 D:\\xampp\\htdocs\\painel\\backend\\vendor\\laravel\\framework\\src\\Illuminate\\Container\\Container.php(596): Illuminate\\Container\\BoundMethod::call()
#14 D:\\xampp\\htdocs\\painel\\backend\\vendor\\laravel\\framework\\src\\Illuminate\\Console\\Command.php(134): Illuminate\\Container\\Container->call()
#15 D:\\xampp\\htdocs\\painel\\backend\\vendor\\symfony\\console\\Command\\Command.php(258): Illuminate\\Console\\Command->execute()
#16 D:\\xampp\\htdocs\\painel\\backend\\vendor\\laravel\\framework\\src\\Illuminate\\Console\\Command.php(121): Symfony\\Component\\Console\\Command\\Command->run()
#17 D:\\xampp\\htdocs\\painel\\backend\\vendor\\symfony\\console\\Application.php(911): Illuminate\\Console\\Command->run()
#18 D:\\xampp\\htdocs\\painel\\backend\\vendor\\symfony\\console\\Application.php(264): Symfony\\Component\\Console\\Application->doRunCommand()
#19 D:\\xampp\\htdocs\\painel\\backend\\vendor\\symfony\\console\\Application.php(140): Symfony\\Component\\Console\\Application->doRun()
#20 D:\\xampp\\htdocs\\painel\\backend\\vendor\\laravel\\framework\\src\\Illuminate\\Console\\Application.php(93): Symfony\\Component\\Console\\Application->run()
#21 D:\\xampp\\htdocs\\painel\\backend\\vendor\\laravel\\framework\\src\\Illuminate\\Foundation\\Console\\Kernel.php(129): Illuminate\\Console\\Application->run()
#22 D:\\xampp\\htdocs\\painel\\backend\\artisan(37): Illuminate\\Foundation\\Console\\Kernel->handle()
#23 {main}
"} 
[2020-08-04 19:47:01] local.ERROR: Unknown column type "timestamp" requested. Any Doctrine type that you use has to be registered with \Doctrine\DBAL\Types\Type::addType(). You can get a list of all the known types with \Doctrine\DBAL\Types\Type::getTypesMap(). If this error occurs during database introspection then you might have forgotten to register all database types for a Doctrine Type. Use AbstractPlatform#registerDoctrineTypeMapping() or have your custom types implement Type#getMappedDatabaseTypes(). If the type name is empty you might have a problem with the cache or forgot some mapping information. {"exception":"[object] (Doctrine\\DBAL\\DBALException(code: 0): Unknown column type \"timestamp\" requested. Any Doctrine type that you use has to be registered with \\Doctrine\\DBAL\\Types\\Type::addType(). You can get a list of all the known types with \\Doctrine\\DBAL\\Types\\Type::getTypesMap(). If this error occurs during database introspection then you might have forgotten to register all database types for a Doctrine Type. Use AbstractPlatform#registerDoctrineTypeMapping() or have your custom types implement Type#getMappedDatabaseTypes(). If the type name is empty you might have a problem with the cache or forgot some mapping information. at D:\\xampp\\htdocs\\painel\\backend\\vendor\\doctrine\\dbal\\lib\\Doctrine\\DBAL\\DBALException.php:267)
[stacktrace]
#0 D:\\xampp\\htdocs\\painel\\backend\\vendor\\doctrine\\dbal\\lib\\Doctrine\\DBAL\\Types\\TypeRegistry.php(30): Doctrine\\DBAL\\DBALException::unknownColumnType()
#1 D:\\xampp\\htdocs\\painel\\backend\\vendor\\doctrine\\dbal\\lib\\Doctrine\\DBAL\\Types\\Type.php(231): Doctrine\\DBAL\\Types\\TypeRegistry->get()
#2 D:\\xampp\\htdocs\\painel\\backend\\vendor\\doctrine\\dbal\\lib\\Doctrine\\DBAL\\Schema\\Table.php(288): Doctrine\\DBAL\\Types\\Type::getType()
#3 D:\\xampp\\htdocs\\painel\\backend\\vendor\\doctrine\\orm\\lib\\Doctrine\\ORM\\Tools\\SchemaTool.php(487): Doctrine\\DBAL\\Schema\\Table->addColumn()
#4 D:\\xampp\\htdocs\\painel\\backend\\vendor\\doctrine\\orm\\lib\\Doctrine\\ORM\\Tools\\SchemaTool.php(421): Doctrine\\ORM\\Tools\\SchemaTool->gatherColumn()
#5 D:\\xampp\\htdocs\\painel\\backend\\vendor\\doctrine\\orm\\lib\\Doctrine\\ORM\\Tools\\SchemaTool.php(270): Doctrine\\ORM\\Tools\\SchemaTool->gatherColumns()
#6 D:\\xampp\\htdocs\\painel\\backend\\vendor\\doctrine\\orm\\lib\\Doctrine\\ORM\\Tools\\SchemaTool.php(895): Doctrine\\ORM\\Tools\\SchemaTool->getSchemaFromMetadata()
#7 D:\\xampp\\htdocs\\painel\\backend\\vendor\\laravel-doctrine\\orm\\src\\Console\\SchemaUpdateCommand.php(52): Doctrine\\ORM\\Tools\\SchemaTool->getUpdateSchemaSql()
#8 [internal function]: LaravelDoctrine\\ORM\\Console\\SchemaUpdateCommand->handle()
#9 D:\\xampp\\htdocs\\painel\\backend\\vendor\\laravel\\framework\\src\\Illuminate\\Container\\BoundMethod.php(37): call_user_func_array()
#10 D:\\xampp\\htdocs\\painel\\backend\\vendor\\laravel\\framework\\src\\Illuminate\\Container\\Util.php(37): Illuminate\\Container\\BoundMethod::Illuminate\\Container\\{closure}()
#11 D:\\xampp\\htdocs\\painel\\backend\\vendor\\laravel\\framework\\src\\Illuminate\\Container\\BoundMethod.php(95): Illuminate\\Container\\Util::unwrapIfClosure()
#12 D:\\xampp\\htdocs\\painel\\backend\\vendor\\laravel\\framework\\src\\Illuminate\\Container\\BoundMethod.php(39): Illuminate\\Container\\BoundMethod::callBoundMethod()
#13 D:\\xampp\\htdocs\\painel\\backend\\vendor\\laravel\\framework\\src\\Illuminate\\Container\\Container.php(596): Illuminate\\Container\\BoundMethod::call()
#14 D:\\xampp\\htdocs\\painel\\backend\\vendor\\laravel\\framework\\src\\Illuminate\\Console\\Command.php(134): Illuminate\\Container\\Container->call()
#15 D:\\xampp\\htdocs\\painel\\backend\\vendor\\symfony\\console\\Command\\Command.php(258): Illuminate\\Console\\Command->execute()
#16 D:\\xampp\\htdocs\\painel\\backend\\vendor\\laravel\\framework\\src\\Illuminate\\Console\\Command.php(121): Symfony\\Component\\Console\\Command\\Command->run()
#17 D:\\xampp\\htdocs\\painel\\backend\\vendor\\symfony\\console\\Application.php(911): Illuminate\\Console\\Command->run()
#18 D:\\xampp\\htdocs\\painel\\backend\\vendor\\symfony\\console\\Application.php(264): Symfony\\Component\\Console\\Application->doRunCommand()
#19 D:\\xampp\\htdocs\\painel\\backend\\vendor\\symfony\\console\\Application.php(140): Symfony\\Component\\Console\\Application->doRun()
#20 D:\\xampp\\htdocs\\painel\\backend\\vendor\\laravel\\framework\\src\\Illuminate\\Console\\Application.php(93): Symfony\\Component\\Console\\Application->run()
#21 D:\\xampp\\htdocs\\painel\\backend\\vendor\\laravel\\framework\\src\\Illuminate\\Foundation\\Console\\Kernel.php(129): Illuminate\\Console\\Application->run()
#22 D:\\xampp\\htdocs\\painel\\backend\\artisan(37): Illuminate\\Foundation\\Console\\Kernel->handle()
#23 {main}
"} 
[2020-08-04 20:39:05] local.ERROR: Undefined class constant 'Doctrine\DBAL\Types\Types::TIMESTAMP' {"exception":"[object] (Error(code: 0): Undefined class constant 'Doctrine\\DBAL\\Types\\Types::TIMESTAMP' at D:\\xampp\\htdocs\\painel\\backend\\vendor\\doctrine\\dbal\\lib\\Doctrine\\DBAL\\Types\\Type.php:205)
[stacktrace]
#0 D:\\xampp\\htdocs\\painel\\backend\\vendor\\doctrine\\dbal\\lib\\Doctrine\\DBAL\\Types\\Type.php(262): Doctrine\\DBAL\\Types\\Type::getTypeRegistry()
#1 D:\\xampp\\htdocs\\painel\\backend\\vendor\\laravel-doctrine\\orm\\src\\Configuration\\CustomTypeManager.php(17): Doctrine\\DBAL\\Types\\Type::hasType()
#2 D:\\xampp\\htdocs\\painel\\backend\\vendor\\laravel-doctrine\\orm\\src\\Configuration\\CustomTypeManager.php(30): LaravelDoctrine\\ORM\\Configuration\\CustomTypeManager->addType()
#3 D:\\xampp\\htdocs\\painel\\backend\\vendor\\laravel-doctrine\\orm\\src\\DoctrineServiceProvider.php(251): LaravelDoctrine\\ORM\\Configuration\\CustomTypeManager->addCustomTypes()
#4 D:\\xampp\\htdocs\\painel\\backend\\vendor\\laravel-doctrine\\orm\\src\\DoctrineServiceProvider.php(80): LaravelDoctrine\\ORM\\DoctrineServiceProvider->registerCustomTypes()
#5 D:\\xampp\\htdocs\\painel\\backend\\vendor\\laravel\\framework\\src\\Illuminate\\Foundation\\Application.php(627): LaravelDoctrine\\ORM\\DoctrineServiceProvider->register()
#6 D:\\xampp\\htdocs\\painel\\backend\\vendor\\laravel\\framework\\src\\Illuminate\\Foundation\\ProviderRepository.php(75): Illuminate\\Foundation\\Application->register()
#7 D:\\xampp\\htdocs\\painel\\backend\\vendor\\laravel\\framework\\src\\Illuminate\\Foundation\\Application.php(604): Illuminate\\Foundation\\ProviderRepository->load()
#8 D:\\xampp\\htdocs\\painel\\backend\\vendor\\laravel\\framework\\src\\Illuminate\\Foundation\\Bootstrap\\RegisterProviders.php(17): Illuminate\\Foundation\\Application->registerConfiguredProviders()
#9 D:\\xampp\\htdocs\\painel\\backend\\vendor\\laravel\\framework\\src\\Illuminate\\Foundation\\Application.php(230): Illuminate\\Foundation\\Bootstrap\\RegisterProviders->bootstrap()
#10 D:\\xampp\\htdocs\\painel\\backend\\vendor\\laravel\\framework\\src\\Illuminate\\Foundation\\Console\\Kernel.php(310): Illuminate\\Foundation\\Application->bootstrapWith()
#11 D:\\xampp\\htdocs\\painel\\backend\\vendor\\laravel\\framework\\src\\Illuminate\\Foundation\\Console\\Kernel.php(127): Illuminate\\Foundation\\Console\\Kernel->bootstrap()
#12 D:\\xampp\\htdocs\\painel\\backend\\artisan(37): Illuminate\\Foundation\\Console\\Kernel->handle()
#13 {main}
"} 
[2020-08-04 20:46:54] local.ERROR: Field - [createdAt] type is not valid and must be 'date', 'datetime' or 'time' in class - App\Domain\Entities\Article {"exception":"[object] (Gedmo\\Exception\\InvalidMappingException(code: 0): Field - [createdAt] type is not valid and must be 'date', 'datetime' or 'time' in class - App\\Domain\\Entities\\Article at D:\\xampp\\htdocs\\painel\\backend\\vendor\\gedmo\\doctrine-extensions\\lib\\Gedmo\\Timestampable\\Mapping\\Driver\\Annotation.php:64)
[stacktrace]
#0 D:\\xampp\\htdocs\\painel\\backend\\vendor\\gedmo\\doctrine-extensions\\lib\\Gedmo\\Mapping\\Driver\\Chain.php(77): Gedmo\\Timestampable\\Mapping\\Driver\\Annotation->readExtendedMetadata()
#1 D:\\xampp\\htdocs\\painel\\backend\\vendor\\gedmo\\doctrine-extensions\\lib\\Gedmo\\Mapping\\ExtensionMetadataFactory.php(95): Gedmo\\Mapping\\Driver\\Chain->readExtendedMetadata()
#2 D:\\xampp\\htdocs\\painel\\backend\\vendor\\gedmo\\doctrine-extensions\\lib\\Gedmo\\Mapping\\MappedEventSubscriber.php(200): Gedmo\\Mapping\\ExtensionMetadataFactory->getExtensionMetadata()
#3 D:\\xampp\\htdocs\\painel\\backend\\vendor\\gedmo\\doctrine-extensions\\lib\\Gedmo\\AbstractTrackingListener.php(46): Gedmo\\Mapping\\MappedEventSubscriber->loadMetadataForObjectClass()
#4 D:\\xampp\\htdocs\\painel\\backend\\vendor\\doctrine\\event-manager\\lib\\Doctrine\\Common\\EventManager.php(41): Gedmo\\AbstractTrackingListener->loadClassMetadata()
#5 D:\\xampp\\htdocs\\painel\\backend\\vendor\\doctrine\\orm\\lib\\Doctrine\\ORM\\Mapping\\ClassMetadataFactory.php(245): Doctrine\\Common\\EventManager->dispatchEvent()
#6 D:\\xampp\\htdocs\\painel\\backend\\vendor\\doctrine\\persistence\\lib\\Doctrine\\Persistence\\Mapping\\AbstractClassMetadataFactory.php(306): Doctrine\\ORM\\Mapping\\ClassMetadataFactory->doLoadMetadata()
#7 D:\\xampp\\htdocs\\painel\\backend\\vendor\\doctrine\\orm\\lib\\Doctrine\\ORM\\Mapping\\ClassMetadataFactory.php(81): Doctrine\\Persistence\\Mapping\\AbstractClassMetadataFactory->loadMetadata()
#8 D:\\xampp\\htdocs\\painel\\backend\\vendor\\doctrine\\persistence\\lib\\Doctrine\\Persistence\\Mapping\\AbstractClassMetadataFactory.php(185): Doctrine\\ORM\\Mapping\\ClassMetadataFactory->loadMetadata()
#9 D:\\xampp\\htdocs\\painel\\backend\\vendor\\doctrine\\persistence\\lib\\Doctrine\\Persistence\\Mapping\\AbstractClassMetadataFactory.php(91): Doctrine\\Persistence\\Mapping\\AbstractClassMetadataFactory->getMetadataFor()
#10 D:\\xampp\\htdocs\\painel\\backend\\vendor\\laravel-doctrine\\orm\\src\\Console\\SchemaUpdateCommand.php(51): Doctrine\\Persistence\\Mapping\\AbstractClassMetadataFactory->getAllMetadata()
#11 [internal function]: LaravelDoctrine\\ORM\\Console\\SchemaUpdateCommand->handle()
#12 D:\\xampp\\htdocs\\painel\\backend\\vendor\\laravel\\framework\\src\\Illuminate\\Container\\BoundMethod.php(37): call_user_func_array()
#13 D:\\xampp\\htdocs\\painel\\backend\\vendor\\laravel\\framework\\src\\Illuminate\\Container\\Util.php(37): Illuminate\\Container\\BoundMethod::Illuminate\\Container\\{closure}()
#14 D:\\xampp\\htdocs\\painel\\backend\\vendor\\laravel\\framework\\src\\Illuminate\\Container\\BoundMethod.php(95): Illuminate\\Container\\Util::unwrapIfClosure()
#15 D:\\xampp\\htdocs\\painel\\backend\\vendor\\laravel\\framework\\src\\Illuminate\\Container\\BoundMethod.php(39): Illuminate\\Container\\BoundMethod::callBoundMethod()
#16 D:\\xampp\\htdocs\\painel\\backend\\vendor\\laravel\\framework\\src\\Illuminate\\Container\\Container.php(596): Illuminate\\Container\\BoundMethod::call()
#17 D:\\xampp\\htdocs\\painel\\backend\\vendor\\laravel\\framework\\src\\Illuminate\\Console\\Command.php(134): Illuminate\\Container\\Container->call()
#18 D:\\xampp\\htdocs\\painel\\backend\\vendor\\symfony\\console\\Command\\Command.php(258): Illuminate\\Console\\Command->execute()
#19 D:\\xampp\\htdocs\\painel\\backend\\vendor\\laravel\\framework\\src\\Illuminate\\Console\\Command.php(121): Symfony\\Component\\Console\\Command\\Command->run()
#20 D:\\xampp\\htdocs\\painel\\backend\\vendor\\symfony\\console\\Application.php(911): Illuminate\\Console\\Command->run()
#21 D:\\xampp\\htdocs\\painel\\backend\\vendor\\symfony\\console\\Application.php(264): Symfony\\Component\\Console\\Application->doRunCommand()
#22 D:\\xampp\\htdocs\\painel\\backend\\vendor\\symfony\\console\\Application.php(140): Symfony\\Component\\Console\\Application->doRun()
#23 D:\\xampp\\htdocs\\painel\\backend\\vendor\\laravel\\framework\\src\\Illuminate\\Console\\Application.php(93): Symfony\\Component\\Console\\Application->run()
#24 D:\\xampp\\htdocs\\painel\\backend\\vendor\\laravel\\framework\\src\\Illuminate\\Foundation\\Console\\Kernel.php(129): Illuminate\\Console\\Application->run()
#25 D:\\xampp\\htdocs\\painel\\backend\\artisan(37): Illuminate\\Foundation\\Console\\Kernel->handle()
#26 {main}
"} 
